# JRE version: OpenJDK Runtime Environment (8.0_152-b01) (build 1.8.0_152-release-915-b01)
# Java VM: OpenJDK 64-Bit Server VM (25.152-b01 mixed mode windows-amd64 compressed oops)
Heap:
 PSYoungGen      total 215552K, used 159219K [0x00000000eab00000, 0x00000000fdc00000, 0x0000000100000000)
  eden space 208896K, 76% used [0x00000000eab00000,0x00000000f467cf50,0x00000000f7700000)
  from space 6656K, 0% used [0x00000000f7700000,0x00000000f7700000,0x00000000f7d80000)
  to   space 51712K, 0% used [0x00000000fa980000,0x00000000fa980000,0x00000000fdc00000)
 ParOldGen       total 257024K, used 73463K [0x00000000c0000000, 0x00000000cfb00000, 0x00000000eab00000)
  object space 257024K, 28% used [0x00000000c0000000,0x00000000c47bdec8,0x00000000cfb00000)
 Metaspace       used 84940K, capacity 88964K, committed 91648K, reserved 1128448K
  class space    used 10600K, capacity 11374K, committed 12032K, reserved 1048576K
GC Heap History (10 events):
Event: 6566.128 GC heap before
{Heap before GC invocations=74 (full 16):
 PSYoungGen      total 278016K, used 222752K [0x00000000eab00000, 0x00000000ffb00000, 0x0000000100000000)
  eden space 214016K, 100% used [0x00000000eab00000,0x00000000f7c00000,0x00000000f7c00000)
  from space 64000K, 13% used [0x00000000f7c00000,0x00000000f8488000,0x00000000fba80000)
  to   space 61440K, 0% used [0x00000000fbf00000,0x00000000fbf00000,0x00000000ffb00000)
 ParOldGen       total 257024K, used 98584K [0x00000000c0000000, 0x00000000cfb00000, 0x00000000eab00000)
  object space 257024K, 38% used [0x00000000c0000000,0x00000000c60463d8,0x00000000cfb00000)
 Metaspace       used 86197K, capacity 91082K, committed 91392K, reserved 1128448K
  class space    used 10914K, capacity 11854K, committed 12032K, reserved 1048576K
Event: 6566.148 GC heap after
Heap after GC invocations=74 (full 16):
 PSYoungGen      total 281600K, used 14608K [0x00000000eab00000, 0x00000000ff780000, 0x0000000100000000)
  eden space 223744K, 0% used [0x00000000eab00000,0x00000000eab00000,0x00000000f8580000)
  from space 57856K, 25% used [0x00000000fbf00000,0x00000000fcd44050,0x00000000ff780000)
  to   space 58368K, 0% used [0x00000000f8580000,0x00000000f8580000,0x00000000fbe80000)
 ParOldGen       total 257024K, used 98584K [0x00000000c0000000, 0x00000000cfb00000, 0x00000000eab00000)
  object space 257024K, 38% used [0x00000000c0000000,0x00000000c60463d8,0x00000000cfb00000)
 Metaspace       used 86197K, capacity 91082K, committed 91392K, reserved 1128448K
  class space    used 10914K, capacity 11854K, committed 12032K, reserved 1048576K
}
Event: 6581.799 GC heap before
{Heap before GC invocations=75 (full 16):
 PSYoungGen      total 281600K, used 238352K [0x00000000eab00000, 0x00000000ff780000, 0x0000000100000000)
  eden space 223744K, 100% used [0x00000000eab00000,0x00000000f8580000,0x00000000f8580000)
  from space 57856K, 25% used [0x00000000fbf00000,0x00000000fcd44050,0x00000000ff780000)
  to   space 58368K, 0% used [0x00000000f8580000,0x00000000f8580000,0x00000000fbe80000)
 ParOldGen       total 257024K, used 98584K [0x00000000c0000000, 0x00000000cfb00000, 0x00000000eab00000)
  object space 257024K, 38% used [0x00000000c0000000,0x00000000c60463d8,0x00000000cfb00000)
 Metaspace       used 86198K, capacity 91082K, committed 91392K, reserved 1128448K
  class space    used 10914K, capacity 11854K, committed 12032K, reserved 1048576K
Event: 6581.828 GC heap after
Heap after GC invocations=75 (full 16):
 PSYoungGen      total 238592K, used 22064K [0x00000000eab00000, 0x00000000fea00000, 0x0000000100000000)
  eden space 216064K, 0% used [0x00000000eab00000,0x00000000eab00000,0x00000000f7e00000)
  from space 22528K, 97% used [0x00000000f8580000,0x00000000f9b0c060,0x00000000f9b80000)
  to   space 55296K, 0% used [0x00000000fb400000,0x00000000fb400000,0x00000000fea00000)
 ParOldGen       total 257024K, used 98584K [0x00000000c0000000, 0x00000000cfb00000, 0x00000000eab00000)
  object space 257024K, 38% used [0x00000000c0000000,0x00000000c60463d8,0x00000000cfb00000)
 Metaspace       used 86198K, capacity 91082K, committed 91392K, reserved 1128448K
  class space    used 10914K, capacity 11854K, committed 12032K, reserved 1048576K
}
Event: 6597.415 GC heap before
{Heap before GC invocations=76 (full 16):
 PSYoungGen      total 238592K, used 238128K [0x00000000eab00000, 0x00000000fea00000, 0x0000000100000000)
  eden space 216064K, 100% used [0x00000000eab00000,0x00000000f7e00000,0x00000000f7e00000)
  from space 22528K, 97% used [0x00000000f8580000,0x00000000f9b0c060,0x00000000f9b80000)
  to   space 55296K, 0% used [0x00000000fb400000,0x00000000fb400000,0x00000000fea00000)
 ParOldGen       total 257024K, used 98584K [0x00000000c0000000, 0x00000000cfb00000, 0x00000000eab00000)
  object space 257024K, 38% used [0x00000000c0000000,0x00000000c60463d8,0x00000000cfb00000)
 Metaspace       used 86338K, capacity 91248K, committed 91648K, reserved 1128448K
  class space    used 10939K, capacity 11887K, committed 12032K, reserved 1048576K
Event: 6597.436 GC heap after
Heap after GC invocations=76 (full 16):
 PSYoungGen      total 251904K, used 13840K [0x00000000eab00000, 0x00000000fde00000, 0x0000000100000000)
  eden space 208896K, 0% used [0x00000000eab00000,0x00000000eab00000,0x00000000f7700000)
  from space 43008K, 32% used [0x00000000fb400000,0x00000000fc184050,0x00000000fde00000)
  to   space 52736K, 0% used [0x00000000f7700000,0x00000000f7700000,0x00000000faa80000)
 ParOldGen       total 257024K, used 98584K [0x00000000c0000000, 0x00000000cfb00000, 0x00000000eab00000)
  object space 257024K, 38% used [0x00000000c0000000,0x00000000c60463d8,0x00000000cfb00000)
 Metaspace       used 86338K, capacity 91248K, committed 91648K, reserved 1128448K
  class space    used 10939K, capacity 11887K, committed 12032K, reserved 1048576K
}
Event: 6613.273 GC heap before
{Heap before GC invocations=77 (full 16):
 PSYoungGen      total 251904K, used 85887K [0x00000000eab00000, 0x00000000fde00000, 0x0000000100000000)
  eden space 208896K, 34% used [0x00000000eab00000,0x00000000ef15bf78,0x00000000f7700000)
  from space 43008K, 32% used [0x00000000fb400000,0x00000000fc184050,0x00000000fde00000)
  to   space 52736K, 0% used [0x00000000f7700000,0x00000000f7700000,0x00000000faa80000)
 ParOldGen       total 257024K, used 98584K [0x00000000c0000000, 0x00000000cfb00000, 0x00000000eab00000)
  object space 257024K, 38% used [0x00000000c0000000,0x00000000c60463d8,0x00000000cfb00000)
 Metaspace       used 86367K, capacity 91254K, committed 91648K, reserved 1128448K
  class space    used 10944K, capacity 11888K, committed 12032K, reserved 1048576K
Event: 6613.389 GC heap after
Heap after GC invocations=77 (full 16):
 PSYoungGen      total 215552K, used 6192K [0x00000000eab00000, 0x00000000fdc00000, 0x0000000100000000)
  eden space 208896K, 0% used [0x00000000eab00000,0x00000000eab00000,0x00000000f7700000)
  from space 6656K, 93% used [0x00000000f7700000,0x00000000f7d0c090,0x00000000f7d80000)
  to   space 51712K, 0% used [0x00000000fa980000,0x00000000fa980000,0x00000000fdc00000)
 ParOldGen       total 257024K, used 98584K [0x00000000c0000000, 0x00000000cfb00000, 0x00000000eab00000)
  object space 257024K, 38% used [0x00000000c0000000,0x00000000c60463d8,0x00000000cfb00000)
 Metaspace       used 86367K, capacity 91254K, committed 91648K, reserved 1128448K
  class space    used 10944K, capacity 11888K, committed 12032K, reserved 1048576K
}
Event: 6613.389 GC heap before
{Heap before GC invocations=78 (full 17):
 PSYoungGen      total 215552K, used 6192K [0x00000000eab00000, 0x00000000fdc00000, 0x0000000100000000)
  eden space 208896K, 0% used [0x00000000eab00000,0x00000000eab00000,0x00000000f7700000)
  from space 6656K, 93% used [0x00000000f7700000,0x00000000f7d0c090,0x00000000f7d80000)
  to   space 51712K, 0% used [0x00000000fa980000,0x00000000fa980000,0x00000000fdc00000)
 ParOldGen       total 257024K, used 98584K [0x00000000c0000000, 0x00000000cfb00000, 0x00000000eab00000)
  object space 257024K, 38% used [0x00000000c0000000,0x00000000c60463d8,0x00000000cfb00000)
 Metaspace       used 86367K, capacity 91254K, committed 91648K, reserved 1128448K
  class space    used 10944K, capacity 11888K, committed 12032K, reserved 1048576K
Event: 6615.076 GC heap after
Heap after GC invocations=78 (full 17):
 PSYoungGen      total 215552K, used 0K [0x00000000eab00000, 0x00000000fdc00000, 0x0000000100000000)
  eden space 208896K, 0% used [0x00000000eab00000,0x00000000eab00000,0x00000000f7700000)
  from space 6656K, 0% used [0x00000000f7700000,0x00000000f7700000,0x00000000f7d80000)
  to   space 51712K, 0% used [0x00000000fa980000,0x00000000fa980000,0x00000000fdc00000)
 ParOldGen       total 257024K, used 73463K [0x00000000c0000000, 0x00000000cfb00000, 0x00000000eab00000)
  object space 257024K, 28% used [0x00000000c0000000,0x00000000c47bdec8,0x00000000cfb00000)
 Metaspace       used 84643K, capacity 88500K, committed 91648K, reserved 1128448K
  class space    used 10559K, capacity 11310K, committed 12032K, reserved 1048576K
}

